<?xml version="1.0" encoding="UTF-8"?>
<testng-results ignored="0" total="1" passed="1" failed="0" skipped="0">
  <reporter-output>
  </reporter-output>
  <suite started-at="2023-11-23T00:41:57 IST" name="Default suite" finished-at="2023-11-23T00:43:24 IST" duration-ms="87030">
    <groups>
    </groups>
    <test started-at="2023-11-23T00:41:57 IST" name="Default test" finished-at="2023-11-23T00:43:24 IST" duration-ms="87030">
      <class name="ThePackage1.DemoSearch">
        <test-method signature="testSearch()[pri:1, instance:ThePackage1.DemoSearch@53aac487]" started-at="2023-11-23T00:41:57 IST" name="testSearch" finished-at="2023-11-23T00:43:24 IST" duration-ms="86992" status="PASS">
          <reporter-output>
          </reporter-output>
        </test-method> <!-- testSearch -->
      </class> <!-- ThePackage1.DemoSearch -->
    </test> <!-- Default test -->
  </suite> <!-- Default suite -->
</testng-results>
