<?xml version="1.0" encoding="UTF-8"?>
<!-- Generated by org.testng.reporters.JUnitXMLReporter -->
<testsuite ignored="0" hostname="LAPTOP-VS4M272L" failures="1" tests="11" name="Test" time="219.499" errors="0" timestamp="2023-11-18T23:57:42 IST">
  <testcase classname="ThePackage1.MainHomeOp" name="ScrollUpAndDown" time="11.42"/>
  <testcase classname="ThePackage1.MainHomeOp" name="UniqueDropDownElements" time="8.2"/>
  <testcase classname="ThePackage1.MainHomeOp" name="newRegister" time="0.125"/>
  <testcase classname="ThePackage1.MainHomeOp" name="hover" time="30.68"/>
  <testcase classname="ThePackage1.MainHomeOp" name="WatchListAndLogin" time="43.153"/>
  <testcase classname="ThePackage1.RandL" name="register" time="4.872"/>
  <testcase classname="ThePackage1.RandL" name="personal" time="28.704"/>
  <testcase classname="ThePackage1.DemoSearch" name="testSearch" time="62.618"/>
  <testcase classname="ThePackage1.ForListeners" name="ExpFailTest" time="21.424"/>
  <testcase classname="ThePackage1.ActualListeners" name="AppLaunching" time="7.437"/>
  <testcase classname="ThePackage1.ActualListeners" name="VerifyTitle" time="0.264">
    <failure type="java.lang.AssertionError" message="expected [Ebay Shoppings] but found [Electronics, Cars, Fashion, Collectibles, Coupons and More | eBay]">
      <![CDATA[java.lang.AssertionError: expected [Ebay Shoppings] but found [Electronics, Cars, Fashion, Collectibles, Coupons and More | eBay]
at ThePackage1.ActualListeners.VerifyTitle(ActualListeners.java:24)
at java.base/java.util.ArrayList.forEach(ArrayList.java:1511)
... Removed 33 stack frames]]>
    </failure>
  </testcase> <!-- VerifyTitle -->
</testsuite> <!-- Test -->
